# JRE version: Java(TM) SE Runtime Environment (21.0.3+7) (build 21.0.3+7-LTS-152)
# Java VM: Java HotSpot(TM) 64-Bit Server VM (21.0.3+7-LTS-152, mixed mode, emulated-client, sharing, tiered, compressed oops, compressed class ptrs, g1 gc, windows-amd64)
GC Precious Log:
 CardTable entry size: 512
 Card Set container configuration: InlinePtr #cards 5 size 8 Array Of Cards #cards 12 size 40 Howl #buckets 4 coarsen threshold 1843 Howl Bitmap #cards 512 size 80 coarsen threshold 460 Card regions per heap region 1 cards per card region 2048
 CPUs: 8 total, 8 available
 Memory: 8071M
 Large Page Support: Disabled
 NUMA Support: Disabled
 Compressed Oops: Enabled (32-bit)
 Heap Region Size: 1M
 Heap Min Capacity: 8M
 Heap Initial Capacity: 128M
 Heap Max Capacity: 2018M
 Pre-touch: Disabled
 Parallel Workers: 8
 Concurrent Workers: 2
 Concurrent Refinement Workers: 8
 Periodic GC: Disabled
Heap:
 garbage-first heap   total 162816K, used 110339K [0x0000000081e00000, 0x0000000100000000)
  region size 1024K, 5 young (5120K), 5 survivors (5120K)
 Metaspace       used 67995K, committed 68736K, reserved 1114112K
  class space    used 9969K, committed 10304K, reserved 1048576K
GC Heap History (20 events):
Event: 15.661 GC heap after
{Heap after GC invocations=21 (full 0):
 garbage-first heap   total 61440K, used 33822K [0x0000000081e00000, 0x0000000100000000)
  region size 1024K, 4 young (4096K), 4 survivors (4096K)
 Metaspace       used 64845K, committed 65536K, reserved 1114112K
  class space    used 9412K, committed 9728K, reserved 1048576K
}
Event: 16.172 GC heap before
{Heap before GC invocations=21 (full 0):
 garbage-first heap   total 61440K, used 53278K [0x0000000081e00000, 0x0000000100000000)
  region size 1024K, 23 young (23552K), 4 survivors (4096K)
 Metaspace       used 66641K, committed 67392K, reserved 1114112K
  class space    used 9792K, committed 10112K, reserved 1048576K
}
Event: 16.180 GC heap after
{Heap after GC invocations=22 (full 0):
 garbage-first heap   total 61440K, used 35781K [0x0000000081e00000, 0x0000000100000000)
  region size 1024K, 3 young (3072K), 3 survivors (3072K)
 Metaspace       used 66641K, committed 67392K, reserved 1114112K
  class space    used 9792K, committed 10112K, reserved 1048576K
}
Event: 16.272 GC heap before
{Heap before GC invocations=23 (full 0):
 garbage-first heap   total 76800K, used 55237K [0x0000000081e00000, 0x0000000100000000)
  region size 1024K, 22 young (22528K), 3 survivors (3072K)
 Metaspace       used 66643K, committed 67392K, reserved 1114112K
  class space    used 9792K, committed 10112K, reserved 1048576K
}
Event: 16.280 GC heap after
{Heap after GC invocations=24 (full 0):
 garbage-first heap   total 76800K, used 39283K [0x0000000081e00000, 0x0000000100000000)
  region size 1024K, 3 young (3072K), 3 survivors (3072K)
 Metaspace       used 66643K, committed 67392K, reserved 1114112K
  class space    used 9792K, committed 10112K, reserved 1048576K
}
Event: 16.445 GC heap before
{Heap before GC invocations=24 (full 0):
 garbage-first heap   total 76800K, used 64883K [0x0000000081e00000, 0x0000000100000000)
  region size 1024K, 29 young (29696K), 3 survivors (3072K)
 Metaspace       used 67995K, committed 68736K, reserved 1114112K
  class space    used 9968K, committed 10304K, reserved 1048576K
}
Event: 16.454 GC heap after
{Heap after GC invocations=25 (full 0):
 garbage-first heap   total 76800K, used 42521K [0x0000000081e00000, 0x0000000100000000)
  region size 1024K, 4 young (4096K), 4 survivors (4096K)
 Metaspace       used 67995K, committed 68736K, reserved 1114112K
  class space    used 9968K, committed 10304K, reserved 1048576K
}
Event: 16.548 GC heap before
{Heap before GC invocations=25 (full 0):
 garbage-first heap   total 76800K, used 64025K [0x0000000081e00000, 0x0000000100000000)
  region size 1024K, 26 young (26624K), 4 survivors (4096K)
 Metaspace       used 67995K, committed 68736K, reserved 1114112K
  class space    used 9968K, committed 10304K, reserved 1048576K
}
Event: 16.560 GC heap after
{Heap after GC invocations=26 (full 0):
 garbage-first heap   total 157696K, used 51327K [0x0000000081e00000, 0x0000000100000000)
  region size 1024K, 4 young (4096K), 4 survivors (4096K)
 Metaspace       used 67995K, committed 68736K, reserved 1114112K
  class space    used 9968K, committed 10304K, reserved 1048576K
}
Event: 16.950 GC heap before
{Heap before GC invocations=27 (full 0):
 garbage-first heap   total 157696K, used 114815K [0x0000000081e00000, 0x0000000100000000)
  region size 1024K, 66 young (67584K), 4 survivors (4096K)
 Metaspace       used 67995K, committed 68736K, reserved 1114112K
  class space    used 9969K, committed 10304K, reserved 1048576K
}
Event: 16.972 GC heap after
{Heap after GC invocations=28 (full 0):
 garbage-first heap   total 157696K, used 66420K [0x0000000081e00000, 0x0000000100000000)
  region size 1024K, 9 young (9216K), 9 survivors (9216K)
 Metaspace       used 67995K, committed 68736K, reserved 1114112K
  class space    used 9969K, committed 10304K, reserved 1048576K
}
Event: 17.187 GC heap before
{Heap before GC invocations=28 (full 0):
 garbage-first heap   total 157696K, used 115572K [0x0000000081e00000, 0x0000000100000000)
  region size 1024K, 57 young (58368K), 9 survivors (9216K)
 Metaspace       used 67995K, committed 68736K, reserved 1114112K
  class space    used 9969K, committed 10304K, reserved 1048576K
}
Event: 17.224 GC heap after
{Heap after GC invocations=29 (full 0):
 garbage-first heap   total 157696K, used 85759K [0x0000000081e00000, 0x0000000100000000)
  region size 1024K, 8 young (8192K), 8 survivors (8192K)
 Metaspace       used 67995K, committed 68736K, reserved 1114112K
  class space    used 9969K, committed 10304K, reserved 1048576K
}
Event: 17.246 GC heap before
{Heap before GC invocations=29 (full 0):
 garbage-first heap   total 157696K, used 89855K [0x0000000081e00000, 0x0000000100000000)
  region size 1024K, 13 young (13312K), 8 survivors (8192K)
 Metaspace       used 67995K, committed 68736K, reserved 1114112K
  class space    used 9969K, committed 10304K, reserved 1048576K
}
Event: 17.260 GC heap after
{Heap after GC invocations=30 (full 0):
 garbage-first heap   total 157696K, used 90068K [0x0000000081e00000, 0x0000000100000000)
  region size 1024K, 3 young (3072K), 3 survivors (3072K)
 Metaspace       used 67995K, committed 68736K, reserved 1114112K
  class space    used 9969K, committed 10304K, reserved 1048576K
}
Event: 17.509 GC heap before
{Heap before GC invocations=31 (full 0):
 garbage-first heap   total 162816K, used 115668K [0x0000000081e00000, 0x0000000100000000)
  region size 1024K, 39 young (39936K), 3 survivors (3072K)
 Metaspace       used 67995K, committed 68736K, reserved 1114112K
  class space    used 9969K, committed 10304K, reserved 1048576K
}
Event: 17.542 GC heap after
{Heap after GC invocations=32 (full 0):
 garbage-first heap   total 162816K, used 93140K [0x0000000081e00000, 0x0000000100000000)
  region size 1024K, 5 young (5120K), 5 survivors (5120K)
 Metaspace       used 67995K, committed 68736K, reserved 1114112K
  class space    used 9969K, committed 10304K, reserved 1048576K
}
Event: 17.730 GC heap before
{Heap before GC invocations=32 (full 0):
 garbage-first heap   total 162816K, used 132052K [0x0000000081e00000, 0x0000000100000000)
  region size 1024K, 41 young (41984K), 5 survivors (5120K)
 Metaspace       used 67995K, committed 68736K, reserved 1114112K
  class space    used 9969K, committed 10304K, reserved 1048576K
}
Event: 17.760 GC heap after
{Heap after GC invocations=33 (full 0):
 garbage-first heap   total 162816K, used 101332K [0x0000000081e00000, 0x0000000100000000)
  region size 1024K, 6 young (6144K), 6 survivors (6144K)
 Metaspace       used 67995K, committed 68736K, reserved 1114112K
  class space    used 9969K, committed 10304K, reserved 1048576K
}
Event: 17.938 GC heap before
{Heap before GC invocations=33 (full 0):
 garbage-first heap   total 162816K, used 133076K [0x0000000081e00000, 0x0000000100000000)
  region size 1024K, 37 young (37888K), 6 survivors (6144K)
 Metaspace       used 67995K, committed 68736K, reserved 1114112K
  class space    used 9969K, committed 10304K, reserved 1048576K
}

